* using log directory ‘/Users/mac/Desktop/EMeth/EMeth.Rcheck’
* using R version 3.6.0 (2019-04-26)
* using platform: x86_64-apple-darwin15.6.0 (64-bit)
* using session charset: UTF-8
* checking for file ‘EMeth/DESCRIPTION’ ... OK
* checking extension type ... Package
* this is package ‘EMeth’ version ‘1.0’
* checking package namespace information ... OK
* checking package dependencies ... OK
* checking if this is a source package ... OK
* checking if there is a namespace ... OK
* checking for executable files ... OK
* checking for hidden files and directories ... NOTE
Found the following hidden files and directories:
  .DS_Store
  R/.DS_Store
  man/.DS_Store
These were most likely included in error. See section ‘Package
structure’ in the ‘Writing R Extensions’ manual.
* checking for portable file names ... OK
* checking for sufficient/correct file permissions ... OK
* checking whether package ‘EMeth’ can be installed ... OK
* checking installed package size ... OK
* checking package directory ... OK
* checking DESCRIPTION meta-information ... NOTE
Checking should be performed on sources prepared by ‘R CMD build’.
* checking top-level files ... OK
* checking for left-over files ... OK
* checking index information ... OK
* checking package subdirectories ... OK
* checking R files for non-ASCII characters ... OK
* checking R files for syntax errors ... OK
* checking whether the package can be loaded ... OK
* checking whether the package can be loaded with stated dependencies ... OK
* checking whether the package can be unloaded cleanly ... OK
* checking whether the namespace can be loaded with stated dependencies ... OK
* checking whether the namespace can be unloaded cleanly ... OK
* checking loading without being on the library search path ... OK
* checking dependencies in R code ... OK
* checking S3 generic/method consistency ... OK
* checking replacement functions ... OK
* checking foreign function calls ... OK
* checking R code for possible problems ... NOTE
cv.emeth: no visible global function definition for ‘deconv.init’
cv.emeth: no visible global function definition for
  ‘deconvEM_CV_laplace’
cv.emeth: no visible global function definition for ‘deconvEM_CV’
emeth: no visible global function definition for ‘deconv.init’
emeth: no visible global function definition for ‘deconvEM_laplace’
emeth: no visible global function definition for ‘deconvEM’
Undefined global functions or variables:
  deconv.init deconvEM deconvEM_CV deconvEM_CV_laplace deconvEM_laplace
* checking Rd files ... NOTE
prepare_Rd: cv.emeth.Rd:53-55: Dropping empty section \details
prepare_Rd: cv.emeth.Rd:68-70: Dropping empty section \note
prepare_Rd: cv.emeth.Rd:62-64: Dropping empty section \references
prepare_Rd: cv.emeth.Rd:74-76: Dropping empty section \seealso
prepare_Rd: emeth.Rd:46-48: Dropping empty section \details
prepare_Rd: emeth.Rd:65-67: Dropping empty section \note
prepare_Rd: emeth.Rd:59-61: Dropping empty section \references
prepare_Rd: emeth.Rd:71-73: Dropping empty section \seealso
* checking Rd metadata ... OK
* checking Rd cross-references ... OK
* checking for missing documentation entries ... OK
* checking for code/documentation mismatches ... OK
* checking Rd \usage sections ... OK
* checking Rd contents ... OK
* checking for unstated dependencies in examples ... OK
* checking examples ... OK
* checking PDF version of manual ... OK
* DONE
Status: 4 NOTEs
